c:\users\user\documents\esgi\5a 3djv\dev moteur c++\source\source\x64\debug\vc140.pdb
c:\users\user\documents\esgi\5a 3djv\dev moteur c++\source\source\x64\debug\scene.obj
c:\users\user\documents\esgi\5a 3djv\dev moteur c++\source\source\x64\debug\render.obj
c:\users\user\documents\esgi\5a 3djv\dev moteur c++\source\source\x64\debug\material.obj
c:\users\user\documents\esgi\5a 3djv\dev moteur c++\source\source\x64\debug\main.obj
c:\users\user\documents\esgi\5a 3djv\dev moteur c++\source\source\x64\debug\moc_engine.obj
c:\users\user\documents\esgi\5a 3djv\dev moteur c++\source\source\x64\debug\gameobject.obj
c:\users\user\documents\esgi\5a 3djv\dev moteur c++\source\source\x64\debug\engine.obj
c:\users\user\documents\esgi\5a 3djv\dev moteur c++\source\source\x64\debug\component.obj
c:\users\user\documents\github\moteur c++\source\source\x64\debug\vc140.pdb
c:\users\user\documents\github\moteur c++\source\source\x64\debug\scene.obj
c:\users\user\documents\github\moteur c++\source\source\x64\debug\render.obj
c:\users\user\documents\github\moteur c++\source\source\x64\debug\material.obj
c:\users\user\documents\github\moteur c++\source\source\x64\debug\main.obj
c:\users\user\documents\github\moteur c++\source\source\x64\debug\moc_engine.obj
c:\users\user\documents\github\moteur c++\source\source\x64\debug\gameobject.obj
c:\users\user\documents\github\moteur c++\source\source\x64\debug\engine.obj
c:\users\user\documents\github\moteur c++\source\source\x64\debug\component.obj
c:\users\user\documents\github\moteur c++\source\source\x64\debug\qrc_engine.obj
c:\users\user\documents\github\moteur c++\source\source\x64\debug\test.obj
c:\users\user\documents\github\moteur c++\source\source\x64\debug\moc_test.obj
c:\users\user\documents\github\moteur c++\source\source\x64\debug\moc_gameobject.obj
c:\users\user\documents\esgi\5a 3djv\dev moteur c++\source\source\generatedfiles\debug\moc_engine.cpp
c:\users\user\documents\github\moteur c++\source\source\generatedfiles\qrc_engine.cpp
c:\users\user\documents\github\moteur c++\source\source\generatedfiles\debug\moc_gameobject.cpp
c:\users\user\documents\github\moteur c++\source\source\generatedfiles\debug\moc_engine.cpp
c:\users\user\documents\github\moteur c++\source\source\generatedfiles\ui_engine.h
c:\users\user\documents\esgi\5a 3djv\dev moteur c++\source\x64\debug\source.ilk
c:\users\user\documents\esgi\5a 3djv\dev moteur c++\source\x64\debug\source.exe
c:\users\user\documents\esgi\5a 3djv\dev moteur c++\source\x64\debug\source.pdb
c:\users\user\documents\github\moteur c++\source\x64\debug\source.ilk
c:\users\user\documents\github\moteur c++\source\x64\debug\source.exe
c:\users\user\documents\github\moteur c++\source\x64\debug\source.pdb
c:\users\user\documents\github\moteur c++\source\source\x64\debug\source.tlog\cl.command.1.tlog
c:\users\user\documents\github\moteur c++\source\source\x64\debug\source.tlog\cl.read.1.tlog
c:\users\user\documents\github\moteur c++\source\source\x64\debug\source.tlog\cl.write.1.tlog
c:\users\user\documents\github\moteur c++\source\source\x64\debug\source.tlog\custombuild.command.1.tlog
c:\users\user\documents\github\moteur c++\source\source\x64\debug\source.tlog\custombuild.read.1.tlog
c:\users\user\documents\github\moteur c++\source\source\x64\debug\source.tlog\custombuild.write.1.tlog
c:\users\user\documents\github\moteur c++\source\source\x64\debug\source.tlog\link.command.1.tlog
c:\users\user\documents\github\moteur c++\source\source\x64\debug\source.tlog\link.read.1.tlog
c:\users\user\documents\github\moteur c++\source\source\x64\debug\source.tlog\link.write.1.tlog
